<?xml version="1.0" encoding="UTF-8" standalone="no"?><testsuite errors="2" failures="0" name="Prueba tecnica" skipped="0" tests="2" time="0.39" timestamp="2025-09-13 05:02:06"><testcase name="1 - Login en portal web con usuario no existente"><error message="Unsupported driver type: &quot;chrome&quot;" type="java.lang.IllegalArgumentException">Unsupported driver type: "chrome"</error><system-err>Unsupported driver type: "chrome"&#13;
</system-err></testcase><testcase name="2 - realizar un registro nuevo en el portal web"><error message="Unsupported driver type: &quot;chrome&quot;" type="java.lang.IllegalArgumentException">Unsupported driver type: "chrome"</error><system-err>Unsupported driver type: "chrome"&#13;
</system-err></testcase></testsuite>